-- 2. List the names of students with id in the range of v2 (id) to v3 (inclusive).
EXPLAIN ANALYZE SELECT name FROM Student WHERE id BETWEEN @v2 AND @v3;
---> Filter: (Student.id between <cache>((@v2)) and <cache>((@v3)))  (cost=5.44 rows=44) (actual time=0.303..1.653 rows=278 loops=1)
-- -> Table scan on Student  (cost=5.44 rows=400) (actual time=0.061..1.437 rows=400 loops=1)

ALTER TABLE Student ADD PRIMARY KEY(id);

EXPLAIN ANALYZE SELECT name FROM Student WHERE id BETWEEN @v2 AND @v3;
---> Filter: (Student.id between <cache>((@v2)) and <cache>((@v3)))  (cost=56.47 rows=278) (actual time=0.013..0.101 rows=278 loops=1)
--  -> Index range scan on Student using PRIMARY over (1145072 <= id <= 1828467)  (cost=56.47 rows=278) (actual time=0.012..0.084 rows=278 loops=1)

--Total time fropped from 1.654 to .101 after adding PRIMARY KEY on id column

SELECT name FROM Student WHERE id BETWEEN @v2 AND @v3;

/*
+--------------------+
| name               |
+--------------------+
| Briony Moore       |
| Stuart Farrell     |
| Kate Carroll       |
| Bruce Campbell     |
| Olivia Phillips    |
| Brooke Thompson    |
| Sabrina Ross       |
| Lucia Higgins      |
| Maya Hall          |
| Daniel Foster      |
| Brooke Douglas     |
| Caroline Riley     |
| Camila Spencer     |
| Ada Ross           |
| Kristian Thompson  |
| Byron Edwards      |
| Dale Carroll       |
| Alford Hall        |
| Lucy Perkins       |
| Evelyn Moore       |
| Jack Jones         |
| Dominik Jones      |
| Miley Cunningham   |
| Hailey Armstrong   |
| Clark Hunt         |
| Sam Roberts        |
| Elise Andrews      |
| Sienna Mitchell    |
| Preston Miller     |
| Sabrina Morrison   |
| Mike Perkins       |
| Edward Farrell     |
| Dale Riley         |
| Elise Roberts      |
| Madaline Davis     |
| Stella Myers       |
| Arthur Turner      |
| Tess Roberts       |
| Dale Dixon         |
| Garry Spencer      |
| Jessica Ryan       |
| Connie Armstrong   |
| Alisa Williams     |
| Emily Richardson   |
| Naomi Ellis        |
| Jessica Perry      |
| Max Davis          |
| Melissa Richards   |
| Edgar Barnes       |
| Lucia Warren       |
| Alan Rogers        |
| Olivia Craig       |
| Honey Higgins      |
| Lucia Kelly        |
| Lilianna Brown     |
| Lily Kelly         |
| Dominik Barnes     |
| Melissa Brooks     |
| Roman Hamilton     |
| Stuart Williams    |
| Wilson Myers       |
| Maddie Cooper      |
| Vincent Henderson  |
| Patrick Alexander  |
| Edgar Morgan       |
| Elian Martin       |
| Garry Hamilton     |
| Martin Hamilton    |
| Jared Kelley       |
| Adele Morgan       |
| Rafael Barnes      |
| Paul Rogers        |
| Vanessa Harris     |
| Dexter Barrett     |
| Darcy Anderson     |
| Rebecca Owens      |
| Tiana Gibson       |
| Emily Barrett      |
| Nicholas Moore     |
| Maddie Craig       |
| Roman Johnson      |
| Melanie Myers      |
| Aston Walker       |
| Kevin Cooper       |
| Arthur Wright      |
| Harold Brown       |
| Nicole Lloyd       |
| Amber Tucker       |
| Lenny Ross         |
| Preston Wright     |
| Rosie Craig        |
| Kevin Riley        |
| Anna Ferguson      |
| Savana Hunt        |
| Preston Smith      |
| Lenny Myers        |
| Rubie Myers        |
| Amanda Martin      |
| Sabrina Armstrong  |
| Adelaide Moore     |
| Catherine Wells    |
| William Mason      |
| Camila Edwards     |
| Amber Hill         |
| Max Richardson     |
| Caroline Edwards   |
| Abigail Gibson     |
| Heather Crawford   |
| Catherine Howard   |
| Alisa Adams        |
| Oliver Cole        |
| Albert Richardson  |
| James Kelly        |
| Paige Riley        |
| Arianna Ross       |
| Owen Howard        |
| Michael Ryan       |
| Eric Bennett       |
| Garry Andrews      |
| Kelvin Adams       |
| Samantha Evans     |
| Alford Hall        |
| Eddy Murphy        |
| Roland Riley       |
| Daisy Wright       |
| Thomas Andrews     |
| Miller Craig       |
| Julia Campbell     |
| Victoria Carroll   |
| Jenna Cole         |
| Edward Wilson      |
| Leonardo Elliott   |
| Aldus Watson       |
| Max Baker          |
| Arnold Kelley      |
| Gianna Williams    |
| Rebecca Phillips   |
| Martin Armstrong   |
| Charlie Farrell    |
| Lucas Rogers       |
| Victoria Davis     |
| Albert Myers       |
| Jasmine Harris     |
| Maya Stevens       |
| Walter Barnes      |
| Emma Adams         |
| Kelvin Owens       |
| John Farrell       |
| Ada Cooper         |
| Clark Ferguson     |
| Lyndon Reed        |
| Jacob Harrison     |
| Adele Stevens      |
| Brad Hamilton      |
| Oliver Douglas     |
| Alissa Clark       |
| Charlie Alexander  |
| Dominik Morris     |
| Caroline Barnes    |
| Albert Kelly       |
| Myra Wells         |
| Melissa Campbell   |
| Sam Richards       |
| Daniel Owens       |
| Agata Carroll      |
| Kristian Davis     |
| Joyce Robinson     |
| Victoria Harrison  |
| Naomi Alexander    |
| Cadie Edwards      |
| Carina Barnes      |
| Sofia Payne        |
| Chester Hill       |
| Alisa Reed         |
| Oscar Alexander    |
| Melanie Thomas     |
| Eddy Harrison      |
| Dale Martin        |
| Amanda Davis       |
| Kirsten Anderson   |
| Reid Scott         |
| Connie Davis       |
| Dainton Moore      |
| Vincent Warren     |
| Preston Phillips   |
| Dale Campbell      |
| Luke Elliott       |
| Wilson Robinson    |
| Aiden Nelson       |
| Ted Martin         |
| Cherry Elliott     |
| Maria Howard       |
| Emily Phillips     |
| Lydia Holmes       |
| Lucas Tucker       |
| Edgar Henderson    |
| Dexter Gray        |
| Patrick Johnson    |
| Eleanor Russell    |
| Steven Adams       |
| David Elliott      |
| Audrey Ross        |
| Chelsea Reed       |
| Valeria Barnes     |
| Andrew Roberts     |
| Luke Mason         |
| Mike Gray          |
| Joyce Robinson     |
| Brooke Dixon       |
| Alexia Rogers      |
| Roland Edwards     |
| Eric Mason         |
| Lilianna Mason     |
| Paige Clark        |
| Dainton Phillips   |
| Garry Hamilton     |
| Harold Perkins     |
| Lily Ryan          |
| Justin Hunt        |
| Martin Carroll     |
| Abigail Farrell    |
| John Morris        |
| Violet Montgomery  |
| Tess Armstrong     |
| Kristian Higgins   |
| Melanie Wright     |
| Jordan Phillips    |
| Abraham Mitchell   |
| Adison Carter      |
| James Mitchell     |
| Edgar Cunningham   |
| Abigail Anderson   |
| James Hall         |
| Brooke Nelson      |
| Alen Perry         |
| Myra Miller        |
| Ned Hawkins        |
| Sabrina Turner     |
| Sydney Craig       |
| Alina Hall         |
| Kelvin Wells       |
| Alfred Ellis       |
| Leonardo Alexander |
| Dominik Bailey     |
| Eric Morrison      |
| Violet Perkins     |
| Charlotte Phillips |
| Aldus Wright       |
| Clark Richardson   |
| Jacob Allen        |
| Deanna Baker       |
| Stuart Morris      |
| Haris Perkins      |
| Michael Henderson  |
| Adrian Smith       |
| James Andrews      |
| Eddy Rogers        |
| Stuart Kelly       |
| Jack Wright        |
| Brad Farrell       |
| Lucy Hill          |
| Vincent Morris     |
| Ryan Gray          |
| Luke Spencer       |
| Miller Morris      |
| Caroline Barnes    |
| Sofia Phillips     |
| Jack Miller        |
| Michelle Spencer   |
| Sarah Craig        |
| Henry Payne        |
| Tyler Ross         |
| Maya Campbell      |
| Isabella Walker    |
| Violet Baker       |
| Natalie Cunningham |
| Charlotte Spencer  |
| Cadie Payne        |
+--------------------+
*/
